[debug] [2019-08-16T18:34:33.582Z] ----------------------------------------------------------------------
[debug] [2019-08-16T18:34:33.584Z] Command:       /home/aluno/.nvm/versions/node/v8.9.1/lib/node_modules/node/bin/node /home/aluno/.nvm/versions/node/v8.9.1/bin/firebase deploy
[debug] [2019-08-16T18:34:33.585Z] CLI Version:   6.5.0
[debug] [2019-08-16T18:34:33.585Z] Platform:      linux
[debug] [2019-08-16T18:34:33.585Z] Node Version:  v10.15.1
[debug] [2019-08-16T18:34:33.586Z] Time:          Fri Aug 16 2019 15:34:33 GMT-0300 (Brasilia Standard Time)
[debug] [2019-08-16T18:34:33.587Z] ----------------------------------------------------------------------
[debug] 
[debug] [2019-08-16T18:34:33.598Z] > command requires scopes: ["email","openid","https://www.googleapis.com/auth/cloudplatformprojects.readonly","https://www.googleapis.com/auth/firebase","https://www.googleapis.com/auth/cloud-platform"]
[debug] [2019-08-16T18:34:33.599Z] > authorizing via signed-in user
[debug] [2019-08-16T18:34:33.599Z] [iam] checking project bmjda-ng8 for permissions ["firebase.projects.get","firebasehosting.sites.update"]
[debug] [2019-08-16T18:34:33.602Z] >>> HTTP REQUEST POST https://cloudresourcemanager.googleapis.com/v1/projects/bmjda-ng8:testIamPermissions  

[debug] [2019-08-16T18:34:34.734Z] <<< HTTP RESPONSE 200
[debug] [2019-08-16T18:34:34.739Z] >>> HTTP REQUEST GET https://firebase.googleapis.com/v1beta1/projects/bmjda-ng8  
 
[debug] [2019-08-16T18:34:36.037Z] <<< HTTP RESPONSE 200
[info] 
[info] === Deploying to 'bmjda-ng8'...
[info] 
[info] i  deploying hosting
[debug] [2019-08-16T18:34:36.047Z] >>> HTTP REQUEST POST https://firebasehosting.googleapis.com/v1beta1/sites/bmjda-ng8/versions  

[debug] [2019-08-16T18:34:38.621Z] <<< HTTP RESPONSE 200
[info] i  hosting[bmjda-ng8]: beginning deploy...
[info] i  hosting[bmjda-ng8]: found 57 files in dist/projetocexta
[debug] [2019-08-16T18:34:38.649Z] [hosting] hash cache [ZGlzdC9wcm9qZXRvY2V4dGE] not populated
[debug] [2019-08-16T18:34:39.233Z] [hosting] hash cache [ZGlzdC9wcm9qZXRvY2V4dGE] stored for 57 files
[debug] [2019-08-16T18:34:39.233Z] [hosting][hash queue][FINAL]
[debug] [2019-08-16T18:34:39.233Z] >>> HTTP REQUEST POST https://firebasehosting.googleapis.com/v1beta1/sites/bmjda-ng8/versions/fcf79313d0051787:populateFiles  
 <request body omitted>
[debug] [2019-08-16T18:34:42.147Z] <<< HTTP RESPONSE 200
[debug] [2019-08-16T18:34:42.189Z] [hosting][populate queue][FINAL]
[debug] [2019-08-16T18:34:42.189Z] [hosting] uploads queued: 56
[debug] [2019-08-16T18:35:12.667Z] [uploadQueue] Retrying task 5beeea8355ac375e06013354488818bc280fa8e8c3ff69dfad475aabae47120e
[debug] [2019-08-16T18:35:12.681Z] [uploadQueue] Retrying task fa22de2881955a3b0af86911c14d5de3c2af8b30f5e9197601d384a6ded9c2f4
[debug] [2019-08-16T18:35:12.681Z] [uploadQueue] Retrying task 6cbbe92ff327dd1b07d2afd8de2a8717103b667dc40f626ae9ee9778e1598199
[debug] [2019-08-16T18:35:12.684Z] [uploadQueue] Retrying task fca0cb64bf8d72878cac3692a7b8a4fd662acd277d65fff138871bbc2943ab6d
[debug] [2019-08-16T18:35:12.694Z] [uploadQueue] Retrying task 2ad7a3a04089721d3573e15e50c8c26ccd80fde9d844aacb4491e9613acb9d8d
[debug] [2019-08-16T18:35:12.694Z] [uploadQueue] Retrying task bf0739f7f331854852473e29c8b4f2e633636b4cd1a61dc22a74b6e9a947d0a0
[debug] [2019-08-16T18:35:12.696Z] [uploadQueue] Retrying task ccae057b1d57cc05f8787b2c825e9644f61d2fc298e2a6c2539ffbd63e95054f
[debug] [2019-08-16T18:35:12.696Z] [uploadQueue] Retrying task 9259fc810fb538ba8d2050718657fdf3bf7f0e1b77a82f8e69743375345ac614
[debug] [2019-08-16T18:35:12.696Z] [uploadQueue] Retrying task a11d45539df1f8b3d8a904d8669f8a0d536a1115144bc63d6051dec297d6747a
[debug] [2019-08-16T18:35:12.696Z] [uploadQueue] Retrying task caabf5d01e1e34a518f8d46ef6561f57f21ce589f7c6725b46f3c60533e564dc
[debug] [2019-08-16T18:35:12.698Z] [uploadQueue] Retrying task fbb8aade7c43b6065cca76a4b4b69ba3155b61b8b348305585314043069e0bcd
[debug] [2019-08-16T18:35:12.698Z] [uploadQueue] Retrying task a907089871ddc102fbb13bf5a522a39e06ebbb72888386bafe353ed6a6e61656
[debug] [2019-08-16T18:35:12.702Z] [uploadQueue] Retrying task 3ef4bf0d094812984857b3109762937132dfbd7d3b486fd16f0b56af2592851b
[debug] [2019-08-16T18:35:12.702Z] [uploadQueue] Retrying task f6944d15d44b43db19e8f4a37421f2eb1c5884b33c0a3be72dff62d1c0ef4bcb
[debug] [2019-08-16T18:35:12.702Z] [uploadQueue] Retrying task b785cc749f84a453c610d127d7de3b491f7776f4410e4e99c00a2926341a8e97
[debug] [2019-08-16T18:35:12.702Z] [uploadQueue] Retrying task e472d5be3d7d6604d818d7dff44ded71788fd90f7c22ef32589154fd3137e96c
[debug] [2019-08-16T18:35:12.703Z] [uploadQueue] Retrying task 8350572a9516b57c5560b832cfdabafbad237dd888d3eb4051e7a69559adddf5
[debug] [2019-08-16T18:35:12.707Z] [uploadQueue] Retrying task 868b04f11f57921c35612d39de892810a3b3eb7d53a0ac22def6d304bdb038af
[debug] [2019-08-16T18:35:12.711Z] [uploadQueue] Retrying task 844c92fbdd6e243602e973e77ff473ac82d8dfc7dcded00b986d84abf3068312
[debug] [2019-08-16T18:35:12.711Z] [uploadQueue] Retrying task 856d628dbf90caeffbe095d4f28cfd90625f9d69113ee46252b9f7d5c3d8f0fb
[debug] [2019-08-16T18:35:12.711Z] [uploadQueue] Retrying task 3855e0fb989230a9a68d0e3ba9f86c33c088d91c25f3031ef1f67f5cd99e4ad1
[debug] [2019-08-16T18:35:12.712Z] [uploadQueue] Retrying task 9f539b82af9ad5c012f0781ab089c9823e78e05f8ad831ec2a838aa17db89c3e
[debug] [2019-08-16T18:35:12.712Z] [uploadQueue] Retrying task b2a9b66b0b278fe393aa864fb1b2e994734560b7ef17f27f9cd532e67d66250e
[debug] [2019-08-16T18:35:12.721Z] [uploadQueue] Retrying task f1c7780c350d15a40637ca7a33dd4af6aa49fa2b66fca6af4c2b34da049e3465
[debug] [2019-08-16T18:35:12.722Z] [uploadQueue] Retrying task 5a4c324fce42f9686492abe985dfcb98529d9d20530131aa061fc9bfc7d2782f
[debug] [2019-08-16T18:35:12.722Z] [uploadQueue] Retrying task e6405ff2ce3b7fb3b1e7409f2ad7d7dc5013462aa2a4b6a8bb72af01c1ca1735
[debug] [2019-08-16T18:35:12.722Z] [uploadQueue] Retrying task be5250064096f394f1a5dbad1ddec3815e4b7d50db41549454889e94fc6f9ff8
[debug] [2019-08-16T18:35:12.722Z] [uploadQueue] Retrying task c74bf797c43810f0bebd66b468dc16b92a45ec64ea9e77d4fcac6e5b7f0390dd
[debug] [2019-08-16T18:35:12.723Z] [uploadQueue] Retrying task 6ab8173c1d9a7ec784ef628013517cf5f141f377739cfae03e108d0843dedcb1
[debug] [2019-08-16T18:35:12.723Z] [uploadQueue] Retrying task 8bed6bfa6d7d0743f5eeb58ecaa1322866ba8d08716da12a822cd87aa8a58429
[debug] [2019-08-16T18:35:12.724Z] [uploadQueue] Retrying task 14062c5989ee3ebb96932b7b95c7bfe4d7a5e0444ba5ac25ac907850d961eedd
[debug] [2019-08-16T18:35:12.724Z] [uploadQueue] Retrying task 90c22345851917841fa7af4421b1013511ebed8ee78ee4a2a9a73e24e72932de
[debug] [2019-08-16T18:35:12.724Z] [uploadQueue] Retrying task 468d2429859274ce38941c0db218d98c10668a8fe2061bb7f1e303dd557b68c9
[debug] [2019-08-16T18:35:12.724Z] [uploadQueue] Retrying task a4f300b74255413b4113e8d5b9125bd5d081bdfdc0f7acb1c770f60c7b2e1deb
[debug] [2019-08-16T18:35:12.724Z] [uploadQueue] Retrying task f6f689914ef018870e7beb48094d5eeee546ec47276078b382f1a910e1055771
[debug] [2019-08-16T18:35:12.732Z] [uploadQueue] Retrying task 0962070c8873cdc3a3f8e174b2f74d77aecdf193b648580c978943b8c80d2362
[debug] [2019-08-16T18:35:12.733Z] [uploadQueue] Retrying task 0985b780aea7596117bf58da632d19368ed4451e78780ace88f74eb01d5d41d1
[debug] [2019-08-16T18:35:12.733Z] [uploadQueue] Retrying task 68b3f31db1061eb451d5a3da1e161793c7d1b6bda7cd38d0543f484d19b0973f
[debug] [2019-08-16T18:35:12.733Z] [uploadQueue] Retrying task 25a536e326d3fb56557f0a1d2cd9b912210416bd81f27c806b2505a316c6f157
[debug] [2019-08-16T18:35:12.737Z] [uploadQueue] Retrying task d5df8dbeb1b748ebba0cf00da50d7cf66d7a120ceadf52ac21873ae7749a1b95
[debug] [2019-08-16T18:35:43.474Z] [uploadQueue] Retrying task 5beeea8355ac375e06013354488818bc280fa8e8c3ff69dfad475aabae47120e
[debug] [2019-08-16T18:35:43.489Z] [uploadQueue] Retrying task 6cbbe92ff327dd1b07d2afd8de2a8717103b667dc40f626ae9ee9778e1598199
[debug] [2019-08-16T18:35:43.494Z] [uploadQueue] Retrying task fa22de2881955a3b0af86911c14d5de3c2af8b30f5e9197601d384a6ded9c2f4
[debug] [2019-08-16T18:35:43.494Z] [uploadQueue] Retrying task fca0cb64bf8d72878cac3692a7b8a4fd662acd277d65fff138871bbc2943ab6d
[debug] [2019-08-16T18:35:43.537Z] [uploadQueue] Retrying task bf0739f7f331854852473e29c8b4f2e633636b4cd1a61dc22a74b6e9a947d0a0
[debug] [2019-08-16T18:35:43.558Z] [uploadQueue] Retrying task 2ad7a3a04089721d3573e15e50c8c26ccd80fde9d844aacb4491e9613acb9d8d
[debug] [2019-08-16T18:35:43.561Z] [uploadQueue] Retrying task 9259fc810fb538ba8d2050718657fdf3bf7f0e1b77a82f8e69743375345ac614
[debug] [2019-08-16T18:35:43.566Z] [uploadQueue] Retrying task ccae057b1d57cc05f8787b2c825e9644f61d2fc298e2a6c2539ffbd63e95054f
[debug] [2019-08-16T18:35:43.575Z] [uploadQueue] Retrying task a11d45539df1f8b3d8a904d8669f8a0d536a1115144bc63d6051dec297d6747a
[debug] [2019-08-16T18:35:43.575Z] [uploadQueue] Retrying task caabf5d01e1e34a518f8d46ef6561f57f21ce589f7c6725b46f3c60533e564dc
[debug] [2019-08-16T18:35:43.577Z] [uploadQueue] Retrying task fbb8aade7c43b6065cca76a4b4b69ba3155b61b8b348305585314043069e0bcd
[debug] [2019-08-16T18:35:43.581Z] [uploadQueue] Retrying task 3ef4bf0d094812984857b3109762937132dfbd7d3b486fd16f0b56af2592851b
[debug] [2019-08-16T18:35:43.581Z] [uploadQueue] Retrying task a907089871ddc102fbb13bf5a522a39e06ebbb72888386bafe353ed6a6e61656
[debug] [2019-08-16T18:35:43.581Z] [uploadQueue] Retrying task b785cc749f84a453c610d127d7de3b491f7776f4410e4e99c00a2926341a8e97
[debug] [2019-08-16T18:35:43.581Z] [uploadQueue] Retrying task e472d5be3d7d6604d818d7dff44ded71788fd90f7c22ef32589154fd3137e96c
[debug] [2019-08-16T18:35:43.581Z] [uploadQueue] Retrying task f6944d15d44b43db19e8f4a37421f2eb1c5884b33c0a3be72dff62d1c0ef4bcb
[debug] [2019-08-16T18:35:43.598Z] [uploadQueue] Retrying task 868b04f11f57921c35612d39de892810a3b3eb7d53a0ac22def6d304bdb038af
[debug] [2019-08-16T18:35:43.598Z] [uploadQueue] Retrying task 844c92fbdd6e243602e973e77ff473ac82d8dfc7dcded00b986d84abf3068312
[debug] [2019-08-16T18:35:43.599Z] [uploadQueue] Retrying task 856d628dbf90caeffbe095d4f28cfd90625f9d69113ee46252b9f7d5c3d8f0fb
[debug] [2019-08-16T18:35:43.599Z] [uploadQueue] Retrying task 8350572a9516b57c5560b832cfdabafbad237dd888d3eb4051e7a69559adddf5
[debug] [2019-08-16T18:35:43.599Z] [uploadQueue] Retrying task 3855e0fb989230a9a68d0e3ba9f86c33c088d91c25f3031ef1f67f5cd99e4ad1
[debug] [2019-08-16T18:35:43.599Z] [uploadQueue] Retrying task 9f539b82af9ad5c012f0781ab089c9823e78e05f8ad831ec2a838aa17db89c3e
[debug] [2019-08-16T18:35:43.599Z] [uploadQueue] Retrying task b2a9b66b0b278fe393aa864fb1b2e994734560b7ef17f27f9cd532e67d66250e
[debug] [2019-08-16T18:35:43.614Z] [uploadQueue] Retrying task f1c7780c350d15a40637ca7a33dd4af6aa49fa2b66fca6af4c2b34da049e3465
[debug] [2019-08-16T18:35:43.614Z] [uploadQueue] Retrying task 5a4c324fce42f9686492abe985dfcb98529d9d20530131aa061fc9bfc7d2782f
[debug] [2019-08-16T18:35:43.614Z] [uploadQueue] Retrying task e6405ff2ce3b7fb3b1e7409f2ad7d7dc5013462aa2a4b6a8bb72af01c1ca1735
[debug] [2019-08-16T18:35:43.614Z] [uploadQueue] Retrying task be5250064096f394f1a5dbad1ddec3815e4b7d50db41549454889e94fc6f9ff8
[debug] [2019-08-16T18:35:43.614Z] [uploadQueue] Retrying task c74bf797c43810f0bebd66b468dc16b92a45ec64ea9e77d4fcac6e5b7f0390dd
[debug] [2019-08-16T18:35:43.626Z] [uploadQueue] Retrying task 6ab8173c1d9a7ec784ef628013517cf5f141f377739cfae03e108d0843dedcb1
[debug] [2019-08-16T18:35:43.626Z] [uploadQueue] Retrying task 8bed6bfa6d7d0743f5eeb58ecaa1322866ba8d08716da12a822cd87aa8a58429
[debug] [2019-08-16T18:35:43.626Z] [uploadQueue] Retrying task 14062c5989ee3ebb96932b7b95c7bfe4d7a5e0444ba5ac25ac907850d961eedd
[debug] [2019-08-16T18:35:43.626Z] [uploadQueue] Retrying task 468d2429859274ce38941c0db218d98c10668a8fe2061bb7f1e303dd557b68c9
[debug] [2019-08-16T18:35:43.626Z] [uploadQueue] Retrying task a4f300b74255413b4113e8d5b9125bd5d081bdfdc0f7acb1c770f60c7b2e1deb
[debug] [2019-08-16T18:35:43.627Z] [uploadQueue] Retrying task f6f689914ef018870e7beb48094d5eeee546ec47276078b382f1a910e1055771
[debug] [2019-08-16T18:35:43.627Z] [uploadQueue] Retrying task 90c22345851917841fa7af4421b1013511ebed8ee78ee4a2a9a73e24e72932de
[debug] [2019-08-16T18:35:43.643Z] [uploadQueue] Retrying task 0962070c8873cdc3a3f8e174b2f74d77aecdf193b648580c978943b8c80d2362
[debug] [2019-08-16T18:35:43.643Z] [uploadQueue] Retrying task 0985b780aea7596117bf58da632d19368ed4451e78780ace88f74eb01d5d41d1
[debug] [2019-08-16T18:35:43.655Z] [uploadQueue] Retrying task 68b3f31db1061eb451d5a3da1e161793c7d1b6bda7cd38d0543f484d19b0973f
[debug] [2019-08-16T18:35:43.655Z] [uploadQueue] Retrying task 25a536e326d3fb56557f0a1d2cd9b912210416bd81f27c806b2505a316c6f157
[debug] [2019-08-16T18:35:43.694Z] [uploadQueue] Retrying task d5df8dbeb1b748ebba0cf00da50d7cf66d7a120ceadf52ac21873ae7749a1b95
[debug] [2019-08-16T18:36:15.080Z] [uploadQueue] Retrying task 5beeea8355ac375e06013354488818bc280fa8e8c3ff69dfad475aabae47120e
[debug] [2019-08-16T18:36:15.095Z] [uploadQueue] Retrying task 6cbbe92ff327dd1b07d2afd8de2a8717103b667dc40f626ae9ee9778e1598199
[debug] [2019-08-16T18:36:15.104Z] [uploadQueue] Retrying task fca0cb64bf8d72878cac3692a7b8a4fd662acd277d65fff138871bbc2943ab6d
[debug] [2019-08-16T18:36:15.109Z] [uploadQueue] Retrying task fa22de2881955a3b0af86911c14d5de3c2af8b30f5e9197601d384a6ded9c2f4
[debug] [2019-08-16T18:36:15.142Z] [uploadQueue] Retrying task bf0739f7f331854852473e29c8b4f2e633636b4cd1a61dc22a74b6e9a947d0a0
[debug] [2019-08-16T18:36:15.175Z] [uploadQueue] Retrying task 2ad7a3a04089721d3573e15e50c8c26ccd80fde9d844aacb4491e9613acb9d8d
[debug] [2019-08-16T18:36:15.180Z] [uploadQueue] Retrying task 9259fc810fb538ba8d2050718657fdf3bf7f0e1b77a82f8e69743375345ac614
[debug] [2019-08-16T18:36:15.208Z] [uploadQueue] Retrying task ccae057b1d57cc05f8787b2c825e9644f61d2fc298e2a6c2539ffbd63e95054f
[debug] [2019-08-16T18:36:15.209Z] [uploadQueue] Retrying task a11d45539df1f8b3d8a904d8669f8a0d536a1115144bc63d6051dec297d6747a
[debug] [2019-08-16T18:36:15.221Z] [uploadQueue] Retrying task fbb8aade7c43b6065cca76a4b4b69ba3155b61b8b348305585314043069e0bcd
[debug] [2019-08-16T18:36:15.221Z] [uploadQueue] Retrying task caabf5d01e1e34a518f8d46ef6561f57f21ce589f7c6725b46f3c60533e564dc
[debug] [2019-08-16T18:36:15.222Z] [uploadQueue] Retrying task 3ef4bf0d094812984857b3109762937132dfbd7d3b486fd16f0b56af2592851b
[debug] [2019-08-16T18:36:15.222Z] [uploadQueue] Retrying task a907089871ddc102fbb13bf5a522a39e06ebbb72888386bafe353ed6a6e61656
[debug] [2019-08-16T18:36:15.230Z] [uploadQueue] Retrying task b785cc749f84a453c610d127d7de3b491f7776f4410e4e99c00a2926341a8e97
[debug] [2019-08-16T18:36:15.230Z] [uploadQueue] Retrying task e472d5be3d7d6604d818d7dff44ded71788fd90f7c22ef32589154fd3137e96c
[debug] [2019-08-16T18:36:15.230Z] [uploadQueue] Retrying task f6944d15d44b43db19e8f4a37421f2eb1c5884b33c0a3be72dff62d1c0ef4bcb
[debug] [2019-08-16T18:36:15.241Z] [uploadQueue] Retrying task 868b04f11f57921c35612d39de892810a3b3eb7d53a0ac22def6d304bdb038af
[debug] [2019-08-16T18:36:15.242Z] [uploadQueue] Retrying task 844c92fbdd6e243602e973e77ff473ac82d8dfc7dcded00b986d84abf3068312
[debug] [2019-08-16T18:36:15.243Z] [uploadQueue] Retrying task 8350572a9516b57c5560b832cfdabafbad237dd888d3eb4051e7a69559adddf5
[debug] [2019-08-16T18:36:15.243Z] [uploadQueue] Retrying task 3855e0fb989230a9a68d0e3ba9f86c33c088d91c25f3031ef1f67f5cd99e4ad1
[debug] [2019-08-16T18:36:15.243Z] [uploadQueue] Retrying task 9f539b82af9ad5c012f0781ab089c9823e78e05f8ad831ec2a838aa17db89c3e
[debug] [2019-08-16T18:36:15.243Z] [uploadQueue] Retrying task b2a9b66b0b278fe393aa864fb1b2e994734560b7ef17f27f9cd532e67d66250e
[debug] [2019-08-16T18:36:15.251Z] [uploadQueue] Retrying task 856d628dbf90caeffbe095d4f28cfd90625f9d69113ee46252b9f7d5c3d8f0fb
[debug] [2019-08-16T18:36:15.251Z] [uploadQueue] Retrying task f1c7780c350d15a40637ca7a33dd4af6aa49fa2b66fca6af4c2b34da049e3465
[debug] [2019-08-16T18:36:15.253Z] [uploadQueue] Retrying task 5a4c324fce42f9686492abe985dfcb98529d9d20530131aa061fc9bfc7d2782f
[debug] [2019-08-16T18:36:15.255Z] [uploadQueue] Retrying task e6405ff2ce3b7fb3b1e7409f2ad7d7dc5013462aa2a4b6a8bb72af01c1ca1735
[debug] [2019-08-16T18:36:15.255Z] [uploadQueue] Retrying task be5250064096f394f1a5dbad1ddec3815e4b7d50db41549454889e94fc6f9ff8
[debug] [2019-08-16T18:36:15.261Z] [uploadQueue] Retrying task c74bf797c43810f0bebd66b468dc16b92a45ec64ea9e77d4fcac6e5b7f0390dd
[debug] [2019-08-16T18:36:15.289Z] [uploadQueue] Retrying task 6ab8173c1d9a7ec784ef628013517cf5f141f377739cfae03e108d0843dedcb1
[debug] [2019-08-16T18:36:15.289Z] [uploadQueue] Retrying task 8bed6bfa6d7d0743f5eeb58ecaa1322866ba8d08716da12a822cd87aa8a58429
[debug] [2019-08-16T18:36:15.289Z] [uploadQueue] Retrying task 14062c5989ee3ebb96932b7b95c7bfe4d7a5e0444ba5ac25ac907850d961eedd
[debug] [2019-08-16T18:36:15.297Z] [uploadQueue] Retrying task 468d2429859274ce38941c0db218d98c10668a8fe2061bb7f1e303dd557b68c9
[debug] [2019-08-16T18:36:15.298Z] [uploadQueue] Retrying task f6f689914ef018870e7beb48094d5eeee546ec47276078b382f1a910e1055771
[debug] [2019-08-16T18:36:15.299Z] [uploadQueue] Retrying task a4f300b74255413b4113e8d5b9125bd5d081bdfdc0f7acb1c770f60c7b2e1deb
[debug] [2019-08-16T18:36:15.300Z] [uploadQueue] Retrying task 90c22345851917841fa7af4421b1013511ebed8ee78ee4a2a9a73e24e72932de
[debug] [2019-08-16T18:36:15.309Z] [uploadQueue] Retrying task 0962070c8873cdc3a3f8e174b2f74d77aecdf193b648580c978943b8c80d2362
[debug] [2019-08-16T18:36:15.318Z] [uploadQueue] Retrying task 0985b780aea7596117bf58da632d19368ed4451e78780ace88f74eb01d5d41d1
[debug] [2019-08-16T18:36:15.318Z] [uploadQueue] Retrying task 68b3f31db1061eb451d5a3da1e161793c7d1b6bda7cd38d0543f484d19b0973f
[debug] [2019-08-16T18:36:15.337Z] [uploadQueue] Retrying task 25a536e326d3fb56557f0a1d2cd9b912210416bd81f27c806b2505a316c6f157
[debug] [2019-08-16T18:36:15.395Z] [uploadQueue] Retrying task d5df8dbeb1b748ebba0cf00da50d7cf66d7a120ceadf52ac21873ae7749a1b95
